
ROM used:   387/8192 (5%)
            387/8192 (5%) including unused fragments

            0.3 Average locations per line
            4.4 Average locations per statement

RAM used:   5/368 (1%) at main() level
            19/368 (5%) worst case

Stack used: 5 worst case (5 in main + 0 for interrupts)
Stack size: 8

Lines Stmts  %   Files
----- ----- ---  -----
   17     4   5  LCD con libreria 8 BITS.c
  758     0   0  ..\..\..\..\..\Program Files (x86)\PICC\Devices\16f887.h
  456    84  95  ..\..\..\..\..\Program Files (x86)\PICC\Drivers\lcd.c
----- -----
 1231    88 Total

Page ROM  %  RAM   Vol Diff  Functions:
---- --- --- ---   --- ----  ----------
0     20   5    1             @delay_ms1
0      8   2    0   305  1.4  @const628
 Inline         3   596  5.9  lcd_read_byte
0      6   2    0    59  4.2  lcd_read_nibble
0     19   5    1   181  3.9  lcd_send_nibble
0     91  24    3   415  3.7  lcd_send_byte
0     60  16    2   624  6.0  lcd_init
0     18   5    4   208  6.3  lcd_gotoxy
0     44  11    1   354  4.7  lcd_putc
0     34   9    0    63  1.0  MAIN
0      6   2    0             @const661
0     77  20    4             @PSTRINGC7_646
 Inline         0             @cinit1

Program metrics:
    Functions               9
    Statements              88
    Comments                223
    Volume (V)              4387
    Difficulty (D)          35.3
    Effort to implement (E) 154931
    Time to implement (T)   2 hours, 23 minutes
    Est Delivered Bugs (B)  1
    Cyclomatic Complexity   8
    Maintainability (MI)    151

 Segment     Used  Free
-----------  ----  ----
00000-00003     4  0  
00004-007FF   383  1661  
00800-00FFF     0  2048  
01000-017FF     0  2048  
01800-01FFF     0  2048  



