CCS PCM C Compiler, Version 5.008, 5967               17-mar.-18 16:05

               Filename:   C:\Users\LuisMiguel\Documents\GitHub\LCD-Paso-A-Paso\LCD con libreria.lst

               ROM used:   352 words (4%)
                           Largest free fragment is 2048
               RAM used:   5 (1%) at main() level
                           19 (5%) worst case
               Stack used: 5 locations
               Stack size: 8

*
0000:  MOVLW  01
0001:  MOVWF  0A
0002:  GOTO   139
0003:  NOP
.................... #include <16f887.h>                    
.................... //////// Standard Header file for the PIC16F887 device //////////////// 
.................... #device PIC16F887 
0004:  BCF    0A.0
0005:  BCF    0A.1
0006:  BCF    0A.2
0007:  ADDWF  02,F
0008:  RETLW  28
0009:  RETLW  0C
000A:  RETLW  01
000B:  RETLW  06
000C:  DATA C8,37
000D:  DATA EC,30
000E:  DATA A0,26
000F:  DATA 75,37
0010:  DATA E4,37
0011:  DATA A0,2A
0012:  DATA 54,28
0013:  DATA 00,00
*
00EC:  MOVF   0B,W
00ED:  MOVWF  21
00EE:  BCF    0B.7
00EF:  BSF    03.5
00F0:  BSF    03.6
00F1:  BSF    0C.7
00F2:  BSF    0C.0
00F3:  NOP
00F4:  NOP
00F5:  BCF    03.5
00F6:  MOVF   0C,W
00F7:  ANDLW  7F
00F8:  BTFSC  03.2
00F9:  GOTO   133
00FA:  BCF    03.6
00FB:  MOVWF  22
00FC:  BSF    03.6
00FD:  MOVF   0D,W
00FE:  BCF    03.6
00FF:  MOVWF  23
0100:  BSF    03.6
0101:  MOVF   0F,W
0102:  BCF    03.6
0103:  MOVWF  24
0104:  MOVF   22,W
0105:  MOVWF  25
0106:  CALL   0C0
0107:  MOVF   23,W
0108:  BSF    03.6
0109:  MOVWF  0D
010A:  BCF    03.6
010B:  MOVF   24,W
010C:  BSF    03.6
010D:  MOVWF  0F
010E:  BSF    03.5
010F:  BSF    0C.7
0110:  BSF    0C.0
0111:  NOP
0112:  NOP
0113:  BCF    03.5
0114:  RLF    0C,W
0115:  RLF    0E,W
0116:  ANDLW  7F
0117:  BTFSC  03.2
0118:  GOTO   133
0119:  BCF    03.6
011A:  MOVWF  22
011B:  BSF    03.6
011C:  MOVF   0D,W
011D:  BCF    03.6
011E:  MOVWF  23
011F:  BSF    03.6
0120:  MOVF   0F,W
0121:  BCF    03.6
0122:  MOVWF  24
0123:  MOVF   22,W
0124:  MOVWF  25
0125:  CALL   0C0
0126:  MOVF   23,W
0127:  BSF    03.6
0128:  MOVWF  0D
0129:  BCF    03.6
012A:  MOVF   24,W
012B:  BSF    03.6
012C:  MOVWF  0F
012D:  INCF   0D,F
012E:  BTFSC  03.2
012F:  INCF   0F,F
0130:  BCF    03.6
0131:  GOTO   0EF
0132:  BSF    03.6
0133:  BCF    03.6
0134:  BTFSC  21.7
0135:  BSF    0B.7
0136:  BCF    0A.3
0137:  BCF    0A.4
0138:  GOTO   15F (RETURN)
....................  
.................... #list 
....................  
.................... #FUSES NOWDT, NOPUT, INTRC_IO, NOPROTECT, NOBROWNOUT, NOWRT 
.................... #use delay (internal=8M)           
*
0014:  MOVLW  26
0015:  MOVWF  04
0016:  BCF    03.7
0017:  MOVF   00,W
0018:  BTFSC  03.2
0019:  GOTO   027
001A:  MOVLW  02
001B:  MOVWF  78
001C:  CLRF   77
001D:  DECFSZ 77,F
001E:  GOTO   01D
001F:  DECFSZ 78,F
0020:  GOTO   01C
0021:  MOVLW  97
0022:  MOVWF  77
0023:  DECFSZ 77,F
0024:  GOTO   023
0025:  DECFSZ 00,F
0026:  GOTO   01A
0027:  RETURN
....................  
.................... #INCLUDE <lcd.c> //Libreria LCD 
.................... /////////////////////////////////////////////////////////////////////////////// 
.................... ////                             LCD.C                                     //// 
.................... ////                 Driver for common LCD modules                         //// 
.................... ////                                                                       //// 
.................... ////  lcd_init()   Must be called before any other function.               //// 
.................... ////                                                                       //// 
.................... ////  lcd_putc(c)  Will display c on the next position of the LCD.         //// 
.................... ////                 \a  Set cursor position to upper left                 //// 
.................... ////                 \f  Clear display, set cursor to upper left           //// 
.................... ////                 \n  Go to start of second line                        //// 
.................... ////                 \b  Move back one position                            //// 
.................... ////              If LCD_EXTENDED_NEWLINE is defined, the \n character     //// 
.................... ////              will erase all remanining characters on the current      //// 
.................... ////              line, and move the cursor to the beginning of the next   //// 
.................... ////              line.                                                    //// 
.................... ////              If LCD_EXTENDED_NEWLINE is defined, the \r character     //// 
.................... ////              will move the cursor to the start of the current         //// 
.................... ////              line.                                                    //// 
.................... ////                                                                       //// 
.................... ////  lcd_gotoxy(x,y) Set write position on LCD (upper left is 1,1)        //// 
.................... ////                                                                       //// 
.................... ////  lcd_getc(x,y)   Returns character at position x,y on LCD             //// 
.................... ////                                                                       //// 
.................... ////  lcd_cursor_on(int1 on)   Turn the cursor on (on=TRUE) or off         //// 
.................... ////              (on=FALSE).                                              //// 
.................... ////                                                                       //// 
.................... ////  lcd_set_cgram_char(w, *p)   Write a custom character to the CGRAM.   //// 
.................... ////                                                                       //// 
.................... ////                                                                       //// 
.................... ////  CONFIGURATION                                                        //// 
.................... ////  The LCD can be configured in one of two ways: a.) port access or     //// 
.................... ////  b.) pin access.  Port access requires the entire 7 bit interface     //// 
.................... ////  connected to one GPIO port, and the data bits (D4:D7 of the LCD)     //// 
.................... ////  connected to sequential pins on the GPIO.  Pin access                //// 
.................... ////  has no requirements, all 7 bits of the control interface can         //// 
.................... ////  can be connected to any GPIO using several ports.                    //// 
.................... ////                                                                       //// 
.................... ////  To use port access, #define LCD_DATA_PORT to the SFR location of     //// 
.................... ////  of the GPIO port that holds the interface, -AND- edit LCD_PIN_MAP    //// 
.................... ////  of this file to configure the pin order.  If you are using a         //// 
.................... ////  baseline PIC (PCB), then LCD_OUTPUT_MAP and LCD_INPUT_MAP also must  //// 
.................... ////  be defined.                                                          //// 
.................... ////                                                                       //// 
.................... ////  Example of port access:                                              //// 
.................... ////     #define LCD_DATA_PORT getenv("SFR:PORTD")                         //// 
.................... ////                                                                       //// 
.................... ////  To use pin access, the following pins must be defined:               //// 
.................... ////     LCD_ENABLE_PIN                                                    //// 
.................... ////     LCD_RS_PIN                                                        //// 
.................... ////     LCD_RW_PIN                                                        //// 
.................... ////     LCD_DATA4                                                         //// 
.................... ////     LCD_DATA5                                                         //// 
.................... ////     LCD_DATA6                                                         //// 
.................... ////     LCD_DATA7                                                         //// 
.................... ////                                                                       //// 
.................... ////  Example of pin access:                                               //// 
.................... ////     #define LCD_ENABLE_PIN  PIN_E0                                    //// 
.................... ////     #define LCD_RS_PIN      PIN_E1                                    //// 
.................... ////     #define LCD_RW_PIN      PIN_E2                                    //// 
.................... ////     #define LCD_DATA4       PIN_D4                                    //// 
.................... ////     #define LCD_DATA5       PIN_D5                                    //// 
.................... ////     #define LCD_DATA6       PIN_D6                                    //// 
.................... ////     #define LCD_DATA7       PIN_D7                                    //// 
.................... ////                                                                       //// 
.................... /////////////////////////////////////////////////////////////////////////////// 
.................... ////        (C) Copyright 1996,2010 Custom Computer Services           //// 
.................... //// This source code may only be used by licensed users of the CCS C  //// 
.................... //// compiler.  This source code may only be distributed to other      //// 
.................... //// licensed users of the CCS C compiler.  No other use, reproduction //// 
.................... //// or distribution is permitted without written permission.          //// 
.................... //// Derivative programs created using this software in object code    //// 
.................... //// form are not restricted in any way.                               //// 
.................... /////////////////////////////////////////////////////////////////////////// 
....................  
.................... #ifndef __LCD_C__ 
.................... #define __LCD_C__ 
....................  
.................... // define the pinout. 
.................... // only required if port access is being used. 
.................... typedef struct   
.................... {                            // This structure is overlayed 
....................    int1 enable;           // on to an I/O port to gain 
....................    int1 rs;               // access to the LCD pins. 
....................    int1 rw;               // The bits are allocated from 
....................    int1 unused;           // low order up.  ENABLE will 
....................    unsigned int     data : 4;         // be LSB pin of that port. 
....................   #if defined(__PCD__)       // The port used will be LCD_DATA_PORT. 
....................    unsigned int    reserved: 8; 
....................   #endif 
.................... } LCD_PIN_MAP; 
....................  
.................... // this is to improve compatability with previous LCD drivers that accepted 
.................... // a define labeled 'use_portb_lcd' that configured the LCD onto port B. 
.................... #if ((defined(use_portb_lcd)) && (use_portb_lcd==TRUE)) 
....................  #define LCD_DATA_PORT getenv("SFR:PORTB") 
.................... #endif 
....................  
.................... #if defined(__PCB__) 
....................    // these definitions only need to be modified for baseline PICs. 
....................    // all other PICs use LCD_PIN_MAP or individual LCD_xxx pin definitions. 
.................... /*                                    EN, RS,   RW,   UNUSED,  DATA  */ 
....................  const LCD_PIN_MAP LCD_OUTPUT_MAP =  {0,  0,    0,    0,       0}; 
....................  const LCD_PIN_MAP LCD_INPUT_MAP =   {0,  0,    0,    0,       0xF}; 
.................... #endif 
....................  
.................... ////////////////////// END CONFIGURATION /////////////////////////////////// 
....................  
.................... #ifndef LCD_ENABLE_PIN 
....................    #define lcd_output_enable(x) lcdlat.enable=x 
....................    #define lcd_enable_tris()   lcdtris.enable=0 
.................... #else 
....................    #define lcd_output_enable(x) output_bit(LCD_ENABLE_PIN, x) 
....................    #define lcd_enable_tris()  output_drive(LCD_ENABLE_PIN) 
.................... #endif 
....................  
.................... #ifndef LCD_RS_PIN 
....................    #define lcd_output_rs(x) lcdlat.rs=x 
....................    #define lcd_rs_tris()   lcdtris.rs=0 
.................... #else 
....................    #define lcd_output_rs(x) output_bit(LCD_RS_PIN, x) 
....................    #define lcd_rs_tris()  output_drive(LCD_RS_PIN) 
.................... #endif 
....................  
.................... #ifndef LCD_RW_PIN 
....................    #define lcd_output_rw(x) lcdlat.rw=x 
....................    #define lcd_rw_tris()   lcdtris.rw=0 
.................... #else 
....................    #define lcd_output_rw(x) output_bit(LCD_RW_PIN, x) 
....................    #define lcd_rw_tris()  output_drive(LCD_RW_PIN) 
.................... #endif 
....................  
.................... // original version of this library incorrectly labeled LCD_DATA0 as LCD_DATA4, 
.................... // LCD_DATA1 as LCD_DATA5, and so on.  this block of code makes the driver 
.................... // compatible with any code written for the original library 
.................... #if (defined(LCD_DATA0) && defined(LCD_DATA1) && defined(LCD_DATA2) && defined(LCD_DATA3) && !defined(LCD_DATA4) && !defined(LCD_DATA5) && !defined(LCD_DATA6) && !defined(LCD_DATA7)) 
....................    #define  LCD_DATA4    LCD_DATA0 
....................    #define  LCD_DATA5    LCD_DATA1 
....................    #define  LCD_DATA6    LCD_DATA2 
....................    #define  LCD_DATA7    LCD_DATA3 
.................... #endif 
....................  
.................... #ifndef LCD_DATA4 
.................... #ifndef LCD_DATA_PORT 
....................    #if defined(__PCB__) 
....................       #define LCD_DATA_PORT      0x06     //portb 
....................       #define set_tris_lcd(x)   set_tris_b(x) 
....................    #else 
....................      #if defined(PIN_D0) 
....................       #define LCD_DATA_PORT      getenv("SFR:PORTD")     //portd 
....................      #else 
....................       #define LCD_DATA_PORT      getenv("SFR:PORTB")     //portb 
....................      #endif 
....................    #endif    
.................... #endif 
....................  
.................... #if defined(__PCB__) 
....................    LCD_PIN_MAP lcd, lcdlat; 
....................    #byte lcd = LCD_DATA_PORT 
....................    #byte lcdlat = LCD_DATA_PORT 
.................... #elif defined(__PCM__) 
....................    LCD_PIN_MAP lcd, lcdlat, lcdtris; 
....................    #byte lcd = LCD_DATA_PORT 
....................    #byte lcdlat = LCD_DATA_PORT 
....................    #byte lcdtris = LCD_DATA_PORT+0x80 
.................... #elif defined(__PCH__) 
....................    LCD_PIN_MAP lcd, lcdlat, lcdtris; 
....................    #byte lcd = LCD_DATA_PORT 
....................    #byte lcdlat = LCD_DATA_PORT+9 
....................    #byte lcdtris = LCD_DATA_PORT+0x12 
.................... #elif defined(__PCD__) 
....................    LCD_PIN_MAP lcd, lcdlat, lcdtris; 
....................    #word lcd = LCD_DATA_PORT 
....................    #word lcdlat = LCD_DATA_PORT+2 
....................    #word lcdtris = LCD_DATA_PORT-0x02 
.................... #endif 
.................... #endif   //LCD_DATA4 not defined 
....................  
.................... #ifndef LCD_TYPE 
....................    #define LCD_TYPE 2           // 0=5x7, 1=5x10, 2=2 lines 
.................... #endif 
....................  
.................... #ifndef LCD_LINE_TWO 
....................    #define LCD_LINE_TWO 0x40    // LCD RAM address for the second line 
.................... #endif 
....................  
.................... #ifndef LCD_LINE_LENGTH 
....................    #define LCD_LINE_LENGTH 20 
.................... #endif 
....................  
.................... unsigned int8 const LCD_INIT_STRING[4] = {0x20 | (LCD_TYPE << 2), 0xc, 1, 6}; 
....................                              // These bytes need to be sent to the LCD 
....................                              // to start it up. 
....................  
.................... unsigned int8 lcd_read_nibble(void); 
....................  
.................... unsigned int8 lcd_read_byte(void) 
.................... { 
....................    unsigned int8 low,high; 
....................  
....................  #if defined(__PCB__) 
....................    set_tris_lcd(LCD_INPUT_MAP); 
....................  #else 
....................   #if (defined(LCD_DATA4) && defined(LCD_DATA5) && defined(LCD_DATA6) && defined(LCD_DATA7)) 
....................    output_float(LCD_DATA4); 
....................    output_float(LCD_DATA5); 
....................    output_float(LCD_DATA6); 
....................    output_float(LCD_DATA7); 
....................   #else 
....................    lcdtris.data = 0xF; 
*
0041:  MOVLW  0F
0042:  BSF    03.5
0043:  ANDWF  08,W
0044:  IORLW  F0
0045:  MOVWF  08
....................   #endif 
....................  #endif 
....................          
....................    lcd_output_rw(1); 
0046:  BCF    03.5
0047:  BSF    08.2
....................    delay_cycles(1); 
0048:  NOP
....................    lcd_output_enable(1); 
0049:  BSF    08.0
....................    delay_cycles(1); 
004A:  NOP
....................    high = lcd_read_nibble(); 
004B:  CALL   035
004C:  MOVF   78,W
004D:  MOVWF  2D
....................        
....................    lcd_output_enable(0); 
004E:  BCF    08.0
....................    delay_cycles(1); 
004F:  NOP
....................    lcd_output_enable(1); 
0050:  BSF    08.0
....................    delay_us(1); 
0051:  GOTO   052
....................    low = lcd_read_nibble(); 
0052:  CALL   035
0053:  MOVF   78,W
0054:  MOVWF  2C
....................        
....................    lcd_output_enable(0); 
0055:  BCF    08.0
....................  
....................  #if defined(__PCB__) 
....................    set_tris_lcd(LCD_OUTPUT_MAP); 
....................  #else 
....................   #if (defined(LCD_DATA4) && defined(LCD_DATA5) && defined(LCD_DATA6) && defined(LCD_DATA7)) 
....................    output_drive(LCD_DATA4); 
....................    output_drive(LCD_DATA5); 
....................    output_drive(LCD_DATA6); 
....................    output_drive(LCD_DATA7); 
....................   #else 
....................    lcdtris.data = 0x0; 
0056:  MOVLW  0F
0057:  BSF    03.5
0058:  ANDWF  08,W
0059:  MOVWF  08
....................   #endif 
....................  #endif 
....................  
....................    return( (high<<4) | low); 
005A:  BCF    03.5
005B:  SWAPF  2D,W
005C:  MOVWF  77
005D:  MOVLW  F0
005E:  ANDWF  77,F
005F:  MOVF   77,W
0060:  IORWF  2C,W
0061:  MOVWF  78
.................... } 
....................  
.................... unsigned int8 lcd_read_nibble(void) 
.................... { 
....................   #if (defined(LCD_DATA4) && defined(LCD_DATA5) && defined(LCD_DATA6) && defined(LCD_DATA7)) 
....................    unsigned int8 n = 0x00; 
....................  
....................    /* Read the data port */ 
....................    n |= input(LCD_DATA4); 
....................    n |= input(LCD_DATA5) << 1; 
....................    n |= input(LCD_DATA6) << 2; 
....................    n |= input(LCD_DATA7) << 3; 
....................     
....................    return(n); 
....................   #else 
....................    return(lcd.data); 
*
0035:  MOVF   08,W
0036:  MOVWF  77
0037:  SWAPF  08,W
0038:  ANDLW  0F
0039:  MOVWF  78
....................   #endif 
003A:  RETURN
.................... } 
....................  
.................... void lcd_send_nibble(unsigned int8 n) 
.................... { 
....................   #if (defined(LCD_DATA4) && defined(LCD_DATA5) && defined(LCD_DATA6) && defined(LCD_DATA7)) 
....................    /* Write to the data port */ 
....................    output_bit(LCD_DATA4, bit_test(n, 0)); 
....................    output_bit(LCD_DATA5, bit_test(n, 1)); 
....................    output_bit(LCD_DATA6, bit_test(n, 2)); 
....................    output_bit(LCD_DATA7, bit_test(n, 3)); 
....................   #else       
....................    lcdlat.data = n; 
*
0028:  SWAPF  2D,W
0029:  ANDLW  F0
002A:  MOVWF  77
002B:  MOVLW  0F
002C:  ANDWF  08,W
002D:  IORWF  77,W
002E:  MOVWF  08
....................   #endif 
....................        
....................    delay_cycles(1); 
002F:  NOP
....................    lcd_output_enable(1); 
0030:  BSF    08.0
....................    delay_us(2); 
0031:  GOTO   032
0032:  GOTO   033
....................    lcd_output_enable(0); 
0033:  BCF    08.0
0034:  RETURN
.................... } 
....................  
.................... void lcd_send_byte(unsigned int8 address, unsigned int8 n) 
.................... { 
....................   #if defined(__PCB__) 
....................    set_tris_lcd(LCD_OUTPUT_MAP); 
....................   #else 
....................    lcd_enable_tris(); 
*
003B:  BSF    03.5
003C:  BCF    08.0
....................    lcd_rs_tris(); 
003D:  BCF    08.1
....................    lcd_rw_tris(); 
003E:  BCF    08.2
....................   #endif 
....................  
....................    lcd_output_rs(0); 
003F:  BCF    03.5
0040:  BCF    08.1
....................    while ( bit_test(lcd_read_byte(),7) ) ; 
*
0062:  MOVF   78,W
0063:  MOVWF  2C
0064:  BTFSC  2C.7
0065:  GOTO   041
....................    lcd_output_rs(address); 
0066:  BTFSS  2A.0
0067:  BCF    08.1
0068:  BTFSC  2A.0
0069:  BSF    08.1
....................    delay_cycles(1); 
006A:  NOP
....................    lcd_output_rw(0); 
006B:  BCF    08.2
....................    delay_cycles(1); 
006C:  NOP
....................    lcd_output_enable(0); 
006D:  BCF    08.0
....................    lcd_send_nibble(n >> 4); 
006E:  SWAPF  2B,W
006F:  MOVWF  2C
0070:  MOVLW  0F
0071:  ANDWF  2C,F
0072:  MOVF   2C,W
0073:  MOVWF  2D
0074:  CALL   028
....................    lcd_send_nibble(n & 0xf); 
0075:  MOVF   2B,W
0076:  ANDLW  0F
0077:  MOVWF  2C
0078:  MOVWF  2D
0079:  CALL   028
007A:  RETURN
.................... } 
....................  
.................... #if defined(LCD_EXTENDED_NEWLINE) 
.................... unsigned int8 g_LcdX, g_LcdY; 
.................... #endif 
....................  
.................... void lcd_init(void)  
.................... { 
....................    unsigned int8 i; 
....................  
....................  #if defined(__PCB__) 
....................    set_tris_lcd(LCD_OUTPUT_MAP); 
....................  #else 
....................   #if (defined(LCD_DATA4) && defined(LCD_DATA5) && defined(LCD_DATA6) && defined(LCD_DATA7)) 
....................    output_drive(LCD_DATA4); 
....................    output_drive(LCD_DATA5); 
....................    output_drive(LCD_DATA6); 
....................    output_drive(LCD_DATA7); 
....................   #else 
....................    lcdtris.data = 0x0; 
007B:  MOVLW  0F
007C:  BSF    03.5
007D:  ANDWF  08,W
007E:  MOVWF  08
....................   #endif 
....................    lcd_enable_tris(); 
007F:  BCF    08.0
....................    lcd_rs_tris(); 
0080:  BCF    08.1
....................    lcd_rw_tris(); 
0081:  BCF    08.2
....................  #endif 
....................  
....................    lcd_output_rs(0); 
0082:  BCF    03.5
0083:  BCF    08.1
....................    lcd_output_rw(0); 
0084:  BCF    08.2
....................    lcd_output_enable(0); 
0085:  BCF    08.0
....................      
....................    delay_ms(15); 
0086:  MOVLW  0F
0087:  MOVWF  26
0088:  CALL   014
....................    for(i=1;i<=3;++i) 
0089:  MOVLW  01
008A:  MOVWF  21
008B:  MOVF   21,W
008C:  SUBLW  03
008D:  BTFSS  03.0
008E:  GOTO   097
....................    { 
....................        lcd_send_nibble(3); 
008F:  MOVLW  03
0090:  MOVWF  2D
0091:  CALL   028
....................        delay_ms(5); 
0092:  MOVLW  05
0093:  MOVWF  26
0094:  CALL   014
0095:  INCF   21,F
0096:  GOTO   08B
....................    } 
....................     
....................    lcd_send_nibble(2); 
0097:  MOVLW  02
0098:  MOVWF  2D
0099:  CALL   028
....................    delay_ms(5); 
009A:  MOVLW  05
009B:  MOVWF  26
009C:  CALL   014
....................    for(i=0;i<=3;++i) 
009D:  CLRF   21
009E:  MOVF   21,W
009F:  SUBLW  03
00A0:  BTFSS  03.0
00A1:  GOTO   0AB
....................       lcd_send_byte(0,LCD_INIT_STRING[i]); 
00A2:  MOVF   21,W
00A3:  CALL   004
00A4:  MOVWF  22
00A5:  CLRF   2A
00A6:  MOVF   22,W
00A7:  MOVWF  2B
00A8:  CALL   03B
....................  
....................   #if defined(LCD_EXTENDED_NEWLINE) 
00A9:  INCF   21,F
00AA:  GOTO   09E
00AB:  BCF    0A.3
00AC:  BCF    0A.4
00AD:  GOTO   158 (RETURN)
....................    g_LcdX = 0; 
....................    g_LcdY = 0; 
....................   #endif 
.................... } 
....................  
.................... void lcd_gotoxy(unsigned int8 x, unsigned int8 y) 
.................... { 
....................    unsigned int8 address; 
....................     
....................    if(y!=1) 
00AE:  DECFSZ 27,W
00AF:  GOTO   0B1
00B0:  GOTO   0B4
....................       address=LCD_LINE_TWO; 
00B1:  MOVLW  40
00B2:  MOVWF  28
00B3:  GOTO   0B5
....................    else 
....................       address=0; 
00B4:  CLRF   28
....................       
....................    address+=x-1; 
00B5:  MOVLW  01
00B6:  SUBWF  26,W
00B7:  ADDWF  28,F
....................    lcd_send_byte(0,0x80|address); 
00B8:  MOVF   28,W
00B9:  IORLW  80
00BA:  MOVWF  29
00BB:  CLRF   2A
00BC:  MOVF   29,W
00BD:  MOVWF  2B
00BE:  CALL   03B
....................  
....................   #if defined(LCD_EXTENDED_NEWLINE) 
00BF:  RETURN
....................    g_LcdX = x - 1; 
....................    g_LcdY = y - 1; 
....................   #endif 
.................... } 
....................  
.................... void lcd_putc(char c) 
.................... { 
....................    switch (c) 
00C0:  MOVF   25,W
00C1:  XORLW  07
00C2:  BTFSC  03.2
00C3:  GOTO   0CE
00C4:  XORLW  0B
00C5:  BTFSC  03.2
00C6:  GOTO   0D3
00C7:  XORLW  06
00C8:  BTFSC  03.2
00C9:  GOTO   0DB
00CA:  XORLW  02
00CB:  BTFSC  03.2
00CC:  GOTO   0E1
00CD:  GOTO   0E6
....................    { 
....................       case '\a'   :  lcd_gotoxy(1,1);     break; 
00CE:  MOVLW  01
00CF:  MOVWF  26
00D0:  MOVWF  27
00D1:  CALL   0AE
00D2:  GOTO   0EB
....................  
....................       case '\f'   :  lcd_send_byte(0,1); 
00D3:  CLRF   2A
00D4:  MOVLW  01
00D5:  MOVWF  2B
00D6:  CALL   03B
....................                      delay_ms(2); 
00D7:  MOVLW  02
00D8:  MOVWF  26
00D9:  CALL   014
....................                     #if defined(LCD_EXTENDED_NEWLINE) 
....................                      g_LcdX = 0; 
....................                      g_LcdY = 0; 
....................                     #endif 
....................                      break; 
00DA:  GOTO   0EB
....................  
....................      #if defined(LCD_EXTENDED_NEWLINE) 
....................       case '\r'   :  lcd_gotoxy(1, g_LcdY+1);   break; 
....................       case '\n'   : 
....................          while (g_LcdX++ < LCD_LINE_LENGTH) 
....................          { 
....................             lcd_send_byte(1, ' '); 
....................          } 
....................          lcd_gotoxy(1, g_LcdY+2); 
....................          break; 
....................      #else 
....................       case '\n'   : lcd_gotoxy(1,2);        break; 
00DB:  MOVLW  01
00DC:  MOVWF  26
00DD:  MOVLW  02
00DE:  MOVWF  27
00DF:  CALL   0AE
00E0:  GOTO   0EB
....................      #endif 
....................       
....................       case '\b'   : lcd_send_byte(0,0x10);  break; 
00E1:  CLRF   2A
00E2:  MOVLW  10
00E3:  MOVWF  2B
00E4:  CALL   03B
00E5:  GOTO   0EB
....................       
....................      #if defined(LCD_EXTENDED_NEWLINE) 
....................       default     :  
....................          if (g_LcdX < LCD_LINE_LENGTH) 
....................          { 
....................             lcd_send_byte(1, c); 
....................             g_LcdX++; 
....................          } 
....................          break; 
....................      #else 
....................       default     : lcd_send_byte(1,c);     break; 
00E6:  MOVLW  01
00E7:  MOVWF  2A
00E8:  MOVF   25,W
00E9:  MOVWF  2B
00EA:  CALL   03B
....................      #endif 
....................    } 
00EB:  RETURN
.................... } 
....................   
.................... char lcd_getc(unsigned int8 x, unsigned int8 y) 
.................... { 
....................    char value; 
....................  
....................    lcd_gotoxy(x,y); 
....................    while ( bit_test(lcd_read_byte(),7) ); // wait until busy flag is low 
....................    lcd_output_rs(1); 
....................    value = lcd_read_byte(); 
....................    lcd_output_rs(0); 
....................     
....................    return(value); 
.................... } 
....................  
.................... // write a custom character to the ram 
.................... // which is 0-7 and specifies which character array we are modifying. 
.................... // ptr points to an array of 8 bytes, where each byte is the next row of 
.................... //    pixels.  only bits 0-4 are used.  the last row is the cursor row, and 
.................... //    usually you will want to leave this byte 0x00. 
.................... void lcd_set_cgram_char(unsigned int8 which, unsigned int8 *ptr) 
.................... { 
....................    unsigned int i; 
....................  
....................    which <<= 3; 
....................    which &= 0x38; 
....................  
....................    lcd_send_byte(0, 0x40 | which);  //set cgram address 
....................  
....................    for(i=0; i<8; i++) 
....................    { 
....................       lcd_send_byte(1, *ptr++); 
....................    } 
....................    
....................    #if defined(LCD_EXTENDED_NEWLINE) 
....................     lcd_gotoxy(g_LcdX+1, g_LcdY+1);  //set ddram address 
....................    #endif 
.................... } 
....................  
.................... void lcd_cursor_on(int1 on) 
.................... { 
....................    if (on) 
....................    { 
....................       lcd_send_byte(0,0x0F);           //turn LCD cursor ON 
....................    } 
....................    else 
....................    { 
....................       lcd_send_byte(0,0x0C);           //turn LCD cursor OFF 
....................    } 
.................... } 
....................  
.................... #endif 
....................  
....................  
.................... void main() 
*
0139:  MOVF   03,W
013A:  ANDLW  1F
013B:  MOVWF  03
013C:  MOVLW  71
013D:  BSF    03.5
013E:  MOVWF  0F
013F:  MOVF   0F,W
0140:  BSF    03.6
0141:  MOVF   09,W
0142:  ANDLW  C0
0143:  MOVWF  09
0144:  BCF    03.6
0145:  BCF    1F.4
0146:  BCF    1F.5
0147:  MOVLW  00
0148:  BSF    03.6
0149:  MOVWF  08
014A:  BCF    03.5
014B:  CLRF   07
014C:  CLRF   08
014D:  CLRF   09
014E:  BCF    03.7
.................... { 
....................    setup_oscillator(OSC_8MHZ|OSC_INTRC); 
014F:  MOVLW  71
0150:  BSF    03.5
0151:  BCF    03.6
0152:  MOVWF  0F
0153:  MOVF   0F,W
....................    set_tris_D(0);//Por defecto es el puerto D por lo tanto lo establecemos como salida 
0154:  MOVLW  00
0155:  MOVWF  08
....................    lcd_init();                            //Inicializamos LCD 
0156:  BCF    03.5
0157:  GOTO   07B
....................    lcd_putc("Hola Mundo UTP");                //"Hola Mundo" 
0158:  MOVLW  0C
0159:  BSF    03.6
015A:  MOVWF  0D
015B:  MOVLW  00
015C:  MOVWF  0F
015D:  BCF    03.6
015E:  GOTO   0EC
.................... } 
015F:  SLEEP

Configuration Fuses:
   Word  1: 2CF4   INTRC_IO NOWDT NOPUT MCLR NOPROTECT NOCPD NOBROWNOUT IESO FCMEN NOLVP NODEBUG
   Word  2: 3FFF   BORV40 NOWRT
