
ROM used:   130/8192 (2%)
            130/8192 (2%) including unused fragments

            0.2 Average locations per line
            5.2 Average locations per statement

RAM used:   5/368 (1%) at main() level
            6/368 (2%) worst case

Stack used: 2 worst case (2 in main + 0 for interrupts)
Stack size: 8

Lines Stmts  %   Files
----- ----- ---  -----
   64    25 100  LCD a Pedal 8BITS.c
  758     0   0  ..\..\..\..\..\Program Files (x86)\PICC\Devices\16F887.h
----- -----
  822    25 Total

Page ROM  %  RAM   Vol Diff  Functions:
---- --- --- ---   --- ----  ----------
0     20  15    1   685  1.4  @delay_ms1
0     15  12    0    67  1.2  pulso
0     17  13    0    67  1.2  escribe
0     74  57    0   346  1.9  MAIN
 Inline         0             @cinit1

Program metrics:
    Functions               4
    Statements              25
    Comments                137
    Volume (V)              1522
    Difficulty (D)          6.0
    Effort to implement (E) 9069
    Time to implement (T)   8 minutes
    Est Delivered Bugs (B)  0
    Cyclomatic Complexity   1
    Maintainability (MI)    128

 Segment     Used  Free
-----------  ----  ----
00000-00003     4  0  
00004-007FF   126  1918  
00800-00FFF     0  2048  
01000-017FF     0  2048  
01800-01FFF     0  2048  



