
ROM used:   352/8192 (4%)
            352/8192 (4%) including unused fragments

            0.3 Average locations per line
            4.0 Average locations per statement

RAM used:   5/368 (1%) at main() level
            19/368 (5%) worst case

Stack used: 5 worst case (5 in main + 0 for interrupts)
Stack size: 8

Lines Stmts  %   Files
----- ----- ---  -----
   14     4   5  LCD con libreria.c
  758     0   0  ..\..\..\..\..\Program Files (x86)\PICC\Devices\16f887.h
  456    84  95  ..\..\..\..\..\Program Files (x86)\PICC\Drivers\lcd.c
----- -----
 1228    88 Total

Page ROM  %  RAM   Vol Diff  Functions:
---- --- --- ---   --- ----  ----------
0     20   6    1   685  1.4  @delay_ms1
0      8   2    0    67  1.2  @const628
 Inline         3   596  5.9  lcd_read_byte
0      6   2    0    59  4.2  lcd_read_nibble
0     13   4    1   179  3.3  lcd_send_nibble
0     64  18    3   460  4.7  lcd_send_byte
0     51  14    2   667  5.9  lcd_init
0     18   5    4   208  6.3  lcd_gotoxy
0     44  12    1   354  4.7  lcd_putc
0     39  11    0    74  1.5  MAIN
0      8   2    0             @const661
0     77  22    4             @PSTRINGC7_646
 Inline         0             @cinit1

Program metrics:
    Functions               10
    Statements              88
    Comments                224
    Volume (V)              5241
    Difficulty (D)          37.5
    Effort to implement (E) 196722
    Time to implement (T)   3 hours, 2 minutes
    Est Delivered Bugs (B)  1
    Cyclomatic Complexity   8
    Maintainability (MI)    146

 Segment     Used  Free
-----------  ----  ----
00000-00003     4  0  
00004-007FF   348  1696  
00800-00FFF     0  2048  
01000-017FF     0  2048  
01800-01FFF     0  2048  



